<?xml version="1.0" encoding="UTF-8"?>
<testng-results ignored="0" total="44" passed="39" failed="5" skipped="0">
  <reporter-output>
  </reporter-output>
  <suite started-at="2025-01-22T16:51:45 IST" name="Cucumber Test Suite" finished-at="2025-01-22T16:54:54 IST" duration-ms="189759">
    <groups>
      <group name="cucumber">
        <method signature="AbstractTestNGCucumberTests.runScenario(io.cucumber.testng.PickleWrapper,io.cucumber.testng.FeatureWrapper)[pri:0, instance:runners.TestRunner@7dcf94f8]" name="runScenario" class="io.cucumber.testng.AbstractTestNGCucumberTests"/>
      </group> <!-- cucumber -->
    </groups>
    <test started-at="2025-01-22T16:51:45 IST" name="Login Tests" finished-at="2025-01-22T16:54:54 IST" duration-ms="189759">
      <class name="runners.TestRunner">
        <test-method is-config="true" signature="setupExtentReport()[pri:0, instance:runners.TestRunner@7dcf94f8]" started-at="2025-01-22T16:51:44 IST" name="setupExtentReport" finished-at="2025-01-22T16:51:45 IST" duration-ms="224" status="PASS">
          <reporter-output>
          </reporter-output>
        </test-method> <!-- setupExtentReport -->
        <test-method is-config="true" signature="setUpClass(org.testng.ITestContext)[pri:0, instance:runners.TestRunner@7dcf94f8]" started-at="2025-01-22T16:51:45 IST" name="setUpClass" finished-at="2025-01-22T16:51:45 IST" duration-ms="235" status="PASS">
          <params>
            <param index="0">
              <value>
                <![CDATA[org.testng.TestRunner@7adbec34]]>
              </value>
            </param>
          </params>
          <reporter-output>
          </reporter-output>
        </test-method> <!-- setUpClass -->
        <test-method signature="runScenario(io.cucumber.testng.PickleWrapper,io.cucumber.testng.FeatureWrapper)[pri:0, instance:runners.TestRunner@7dcf94f8]" started-at="2025-01-22T16:51:45 IST" name="runScenario" description="Runs Cucumber Scenarios" data-provider="scenarios" finished-at="2025-01-22T16:52:17 IST" duration-ms="31920" status="PASS">
          <params>
            <param index="0">
              <value>
                <![CDATA["Login to YIB application"]]>
              </value>
            </param>
            <param index="1">
              <value>
                <![CDATA["Validate Login"]]>
              </value>
            </param>
          </params>
          <reporter-output>
          </reporter-output>
        </test-method> <!-- runScenario -->
        <test-method signature="runScenario(io.cucumber.testng.PickleWrapper,io.cucumber.testng.FeatureWrapper)[pri:0, instance:runners.TestRunner@7dcf94f8]" started-at="2025-01-22T16:52:17 IST" name="runScenario" description="Runs Cucumber Scenarios" data-provider="scenarios" finished-at="2025-01-22T16:52:20 IST" duration-ms="2814" status="PASS">
          <params>
            <param index="0">
              <value>
                <![CDATA["Workspace Creation with Valid Data"]]>
              </value>
            </param>
            <param index="1">
              <value>
                <![CDATA["Workspace Page Validations with Data Tables"]]>
              </value>
            </param>
          </params>
          <reporter-output>
          </reporter-output>
        </test-method> <!-- runScenario -->
        <test-method signature="runScenario(io.cucumber.testng.PickleWrapper,io.cucumber.testng.FeatureWrapper)[pri:0, instance:runners.TestRunner@7dcf94f8]" started-at="2025-01-22T16:52:20 IST" name="runScenario" description="Runs Cucumber Scenarios" data-provider="scenarios" finished-at="2025-01-22T16:52:20 IST" duration-ms="165" status="PASS">
          <params>
            <param index="0">
              <value>
                <![CDATA["Add Workspace Button Tooltip with Data Table"]]>
              </value>
            </param>
            <param index="1">
              <value>
                <![CDATA["Workspace Page Validations with Data Tables"]]>
              </value>
            </param>
          </params>
          <reporter-output>
          </reporter-output>
        </test-method> <!-- runScenario -->
        <test-method signature="runScenario(io.cucumber.testng.PickleWrapper,io.cucumber.testng.FeatureWrapper)[pri:0, instance:runners.TestRunner@7dcf94f8]" started-at="2025-01-22T16:52:20 IST" name="runScenario" description="Runs Cucumber Scenarios" data-provider="scenarios" finished-at="2025-01-22T16:52:20 IST" duration-ms="139" status="PASS">
          <params>
            <param index="0">
              <value>
                <![CDATA["Workspace Grid Visibility and Size Validation"]]>
              </value>
            </param>
            <param index="1">
              <value>
                <![CDATA["Workspace Page Validations with Data Tables"]]>
              </value>
            </param>
          </params>
          <reporter-output>
          </reporter-output>
        </test-method> <!-- runScenario -->
        <test-method signature="runScenario(io.cucumber.testng.PickleWrapper,io.cucumber.testng.FeatureWrapper)[pri:0, instance:runners.TestRunner@7dcf94f8]" started-at="2025-01-22T16:52:20 IST" name="runScenario" description="Runs Cucumber Scenarios" data-provider="scenarios" finished-at="2025-01-22T16:52:21 IST" duration-ms="1252" status="PASS">
          <params>
            <param index="0">
              <value>
                <![CDATA["Workspace Name Field Error Validations with Data Table"]]>
              </value>
            </param>
            <param index="1">
              <value>
                <![CDATA["Workspace Page Validations with Data Tables"]]>
              </value>
            </param>
          </params>
          <reporter-output>
          </reporter-output>
        </test-method> <!-- runScenario -->
        <test-method signature="runScenario(io.cucumber.testng.PickleWrapper,io.cucumber.testng.FeatureWrapper)[pri:0, instance:runners.TestRunner@7dcf94f8]" started-at="2025-01-22T16:52:21 IST" name="runScenario" description="Runs Cucumber Scenarios" data-provider="scenarios" finished-at="2025-01-22T16:52:22 IST" duration-ms="484" status="PASS">
          <params>
            <param index="0">
              <value>
                <![CDATA["Validate Grid Visibility and Size"]]>
              </value>
            </param>
            <param index="1">
              <value>
                <![CDATA["Workspace Page Validations with Data Tables"]]>
              </value>
            </param>
          </params>
          <reporter-output>
          </reporter-output>
        </test-method> <!-- runScenario -->
        <test-method signature="runScenario(io.cucumber.testng.PickleWrapper,io.cucumber.testng.FeatureWrapper)[pri:0, instance:runners.TestRunner@7dcf94f8]" started-at="2025-01-22T16:52:22 IST" name="runScenario" description="Runs Cucumber Scenarios" data-provider="scenarios" finished-at="2025-01-22T16:52:22 IST" duration-ms="396" status="PASS">
          <params>
            <param index="0">
              <value>
                <![CDATA["Validate Visibility of Side Navigation Items"]]>
              </value>
            </param>
            <param index="1">
              <value>
                <![CDATA["Workspace Page Validations with Data Tables"]]>
              </value>
            </param>
          </params>
          <reporter-output>
          </reporter-output>
        </test-method> <!-- runScenario -->
        <test-method signature="runScenario(io.cucumber.testng.PickleWrapper,io.cucumber.testng.FeatureWrapper)[pri:0, instance:runners.TestRunner@7dcf94f8]" started-at="2025-01-22T16:52:22 IST" name="runScenario" description="Runs Cucumber Scenarios" data-provider="scenarios" finished-at="2025-01-22T16:52:22 IST" duration-ms="212" status="FAIL">
          <params>
            <param index="0">
              <value>
                <![CDATA["Workspace Breadcrumb Visibility Check"]]>
              </value>
            </param>
            <param index="1">
              <value>
                <![CDATA["Workspace Page Validations with Data Tables"]]>
              </value>
            </param>
          </params>
          <exception class="java.lang.AssertionError">
            <message>
              <![CDATA[Workspace breadcrumb is not visible expected [true] but found [false]]]>
            </message>
            <full-stacktrace>
              <![CDATA[java.lang.AssertionError: Workspace breadcrumb is not visible expected [true] but found [false]
at org.testng.Assert.fail(Assert.java:99)
at org.testng.Assert.failNotEquals(Assert.java:1037)
at org.testng.Assert.assertTrue(Assert.java:45)
at stepdefinitions.WorkspaceSteps.iShouldSeeTheWorkspaceBreadcrumbDisplayed(WorkspaceSteps.java:131)
at ✽.I should see the workspace breadcrumb displayed(file:///C:/Users/47700243/eclipse-workspace/alpha3/src/test/resources/features/Suite2-workspace.feature:65)
]]>
            </full-stacktrace>
          </exception> <!-- java.lang.AssertionError -->
          <reporter-output>
          </reporter-output>
        </test-method> <!-- runScenario -->
        <test-method signature="runScenario(io.cucumber.testng.PickleWrapper,io.cucumber.testng.FeatureWrapper)[pri:0, instance:runners.TestRunner@7dcf94f8]" started-at="2025-01-22T16:52:22 IST" name="runScenario" description="Runs Cucumber Scenarios" data-provider="scenarios" finished-at="2025-01-22T16:52:22 IST" duration-ms="240" status="PASS">
          <params>
            <param index="0">
              <value>
                <![CDATA["Validate Workspace Creation Page Title and Subtitle"]]>
              </value>
            </param>
            <param index="1">
              <value>
                <![CDATA["Workspace Page Validations with Data Tables"]]>
              </value>
            </param>
          </params>
          <reporter-output>
          </reporter-output>
        </test-method> <!-- runScenario -->
        <test-method signature="runScenario(io.cucumber.testng.PickleWrapper,io.cucumber.testng.FeatureWrapper)[pri:0, instance:runners.TestRunner@7dcf94f8]" started-at="2025-01-22T16:52:22 IST" name="runScenario" description="Runs Cucumber Scenarios" data-provider="scenarios" finished-at="2025-01-22T16:52:23 IST" duration-ms="167" status="PASS">
          <params>
            <param index="0">
              <value>
                <![CDATA["Add Workspace Button Tooltip with Data Table"]]>
              </value>
            </param>
            <param index="1">
              <value>
                <![CDATA["Workspace Page Validations with Data Tables"]]>
              </value>
            </param>
          </params>
          <reporter-output>
          </reporter-output>
        </test-method> <!-- runScenario -->
        <test-method signature="runScenario(io.cucumber.testng.PickleWrapper,io.cucumber.testng.FeatureWrapper)[pri:0, instance:runners.TestRunner@7dcf94f8]" started-at="2025-01-22T16:52:23 IST" name="runScenario" description="Runs Cucumber Scenarios" data-provider="scenarios" finished-at="2025-01-22T16:52:27 IST" duration-ms="4203" status="PASS">
          <params>
            <param index="0">
              <value>
                <![CDATA["Verify if the Models Page title contains expected text"]]>
              </value>
            </param>
            <param index="1">
              <value>
                <![CDATA["Models Page - Digital Twin Creation and Validation"]]>
              </value>
            </param>
          </params>
          <reporter-output>
          </reporter-output>
        </test-method> <!-- runScenario -->
        <test-method signature="runScenario(io.cucumber.testng.PickleWrapper,io.cucumber.testng.FeatureWrapper)[pri:0, instance:runners.TestRunner@7dcf94f8]" started-at="2025-01-22T16:52:27 IST" name="runScenario" description="Runs Cucumber Scenarios" data-provider="scenarios" finished-at="2025-01-22T16:52:27 IST" duration-ms="91" status="PASS">
          <params>
            <param index="0">
              <value>
                <![CDATA["Verify that the Digital Twin list grid is displayed"]]>
              </value>
            </param>
            <param index="1">
              <value>
                <![CDATA["Models Page - Digital Twin Creation and Validation"]]>
              </value>
            </param>
          </params>
          <reporter-output>
          </reporter-output>
        </test-method> <!-- runScenario -->
        <test-method signature="runScenario(io.cucumber.testng.PickleWrapper,io.cucumber.testng.FeatureWrapper)[pri:0, instance:runners.TestRunner@7dcf94f8]" started-at="2025-01-22T16:52:27 IST" name="runScenario" description="Runs Cucumber Scenarios" data-provider="scenarios" finished-at="2025-01-22T16:52:27 IST" duration-ms="523" status="PASS">
          <params>
            <param index="0">
              <value>
                <![CDATA["Verify that the Digital Twin list grid contains items"]]>
              </value>
            </param>
            <param index="1">
              <value>
                <![CDATA["Models Page - Digital Twin Creation and Validation"]]>
              </value>
            </param>
          </params>
          <reporter-output>
          </reporter-output>
        </test-method> <!-- runScenario -->
        <test-method signature="runScenario(io.cucumber.testng.PickleWrapper,io.cucumber.testng.FeatureWrapper)[pri:0, instance:runners.TestRunner@7dcf94f8]" started-at="2025-01-22T16:52:27 IST" name="runScenario" description="Runs Cucumber Scenarios" data-provider="scenarios" finished-at="2025-01-22T16:52:27 IST" duration-ms="81" status="PASS">
          <params>
            <param index="0">
              <value>
                <![CDATA["Verify if the Add Digital Twin button is displayed"]]>
              </value>
            </param>
            <param index="1">
              <value>
                <![CDATA["Models Page - Digital Twin Creation and Validation"]]>
              </value>
            </param>
          </params>
          <reporter-output>
          </reporter-output>
        </test-method> <!-- runScenario -->
        <test-method signature="runScenario(io.cucumber.testng.PickleWrapper,io.cucumber.testng.FeatureWrapper)[pri:0, instance:runners.TestRunner@7dcf94f8]" started-at="2025-01-22T16:52:27 IST" name="runScenario" description="Runs Cucumber Scenarios" data-provider="scenarios" finished-at="2025-01-22T16:52:28 IST" duration-ms="73" status="FAIL">
          <params>
            <param index="0">
              <value>
                <![CDATA["Verify the tooltip text of the Add Digital Twin button"]]>
              </value>
            </param>
            <param index="1">
              <value>
                <![CDATA["Models Page - Digital Twin Creation and Validation"]]>
              </value>
            </param>
          </params>
          <exception class="java.lang.AssertionError">
            <message>
              <![CDATA[Tooltip text mismatch expected [true] but found [false]]]>
            </message>
            <full-stacktrace>
              <![CDATA[java.lang.AssertionError: Tooltip text mismatch expected [true] but found [false]
at org.testng.Assert.fail(Assert.java:99)
at org.testng.Assert.failNotEquals(Assert.java:1037)
at org.testng.Assert.assertTrue(Assert.java:45)
at stepdefinitions.ModelsPageSteps.theAddDigitalTwinButtonShouldHaveTheTooltip(ModelsPageSteps.java:56)
at ✽.the Add Digital Twin button should have the tooltip "Add digital Twin"(file:///C:/Users/47700243/eclipse-workspace/alpha3/src/test/resources/features/Suite3-models.feature:41)
]]>
            </full-stacktrace>
          </exception> <!-- java.lang.AssertionError -->
          <reporter-output>
          </reporter-output>
        </test-method> <!-- runScenario -->
        <test-method signature="runScenario(io.cucumber.testng.PickleWrapper,io.cucumber.testng.FeatureWrapper)[pri:0, instance:runners.TestRunner@7dcf94f8]" started-at="2025-01-22T16:52:28 IST" name="runScenario" description="Runs Cucumber Scenarios" data-provider="scenarios" finished-at="2025-01-22T16:52:28 IST" duration-ms="942" status="FAIL">
          <params>
            <param index="0">
              <value>
                <![CDATA["Add a new Digital Twin with a valid name and description"]]>
              </value>
            </param>
            <param index="1">
              <value>
                <![CDATA["Models Page - Digital Twin Creation and Validation"]]>
              </value>
            </param>
          </params>
          <exception class="java.lang.AssertionError">
            <message>
              <![CDATA[Digital Twin not created expected [true] but found [false]]]>
            </message>
            <full-stacktrace>
              <![CDATA[java.lang.AssertionError: Digital Twin not created expected [true] but found [false]
at org.testng.Assert.fail(Assert.java:99)
at org.testng.Assert.failNotEquals(Assert.java:1037)
at org.testng.Assert.assertTrue(Assert.java:45)
at stepdefinitions.ModelsPageSteps.theDigitalTwinShouldBeCreatedWithTheName(ModelsPageSteps.java:83)
at ✽.the Digital Twin should be created with the name "Automation Digital Twin-6"(file:///C:/Users/47700243/eclipse-workspace/alpha3/src/test/resources/features/Suite3-models.feature:48)
]]>
            </full-stacktrace>
          </exception> <!-- java.lang.AssertionError -->
          <reporter-output>
          </reporter-output>
        </test-method> <!-- runScenario -->
        <test-method signature="runScenario(io.cucumber.testng.PickleWrapper,io.cucumber.testng.FeatureWrapper)[pri:0, instance:runners.TestRunner@7dcf94f8]" started-at="2025-01-22T16:52:28 IST" name="runScenario" description="Runs Cucumber Scenarios" data-provider="scenarios" finished-at="2025-01-22T16:52:29 IST" duration-ms="346" status="PASS">
          <params>
            <param index="0">
              <value>
                <![CDATA["Verify error message for blank name field when adding a Digital Twin"]]>
              </value>
            </param>
            <param index="1">
              <value>
                <![CDATA["Models Page - Digital Twin Creation and Validation"]]>
              </value>
            </param>
          </params>
          <reporter-output>
          </reporter-output>
        </test-method> <!-- runScenario -->
        <test-method signature="runScenario(io.cucumber.testng.PickleWrapper,io.cucumber.testng.FeatureWrapper)[pri:0, instance:runners.TestRunner@7dcf94f8]" started-at="2025-01-22T16:52:29 IST" name="runScenario" description="Runs Cucumber Scenarios" data-provider="scenarios" finished-at="2025-01-22T16:53:29 IST" duration-ms="60632" status="PASS">
          <params>
            <param index="0">
              <value>
                <![CDATA["Verify error message for name exceeding max length when adding a Digital Twin"]]>
              </value>
            </param>
            <param index="1">
              <value>
                <![CDATA["Models Page - Digital Twin Creation and Validation"]]>
              </value>
            </param>
          </params>
          <reporter-output>
          </reporter-output>
        </test-method> <!-- runScenario -->
        <test-method signature="runScenario(io.cucumber.testng.PickleWrapper,io.cucumber.testng.FeatureWrapper)[pri:0, instance:runners.TestRunner@7dcf94f8]" started-at="2025-01-22T16:53:29 IST" name="runScenario" description="Runs Cucumber Scenarios" data-provider="scenarios" finished-at="2025-01-22T16:53:30 IST" duration-ms="66" status="PASS">
          <params>
            <param index="0">
              <value>
                <![CDATA["Verify if the Add Digital Twin page breadcrumb is displayed"]]>
              </value>
            </param>
            <param index="1">
              <value>
                <![CDATA["Models Page - Digital Twin Creation and Validation"]]>
              </value>
            </param>
          </params>
          <reporter-output>
          </reporter-output>
        </test-method> <!-- runScenario -->
        <test-method signature="runScenario(io.cucumber.testng.PickleWrapper,io.cucumber.testng.FeatureWrapper)[pri:0, instance:runners.TestRunner@7dcf94f8]" started-at="2025-01-22T16:53:30 IST" name="runScenario" description="Runs Cucumber Scenarios" data-provider="scenarios" finished-at="2025-01-22T16:53:30 IST" duration-ms="351" status="PASS">
          <params>
            <param index="0">
              <value>
                <![CDATA["Cancel the creation of a new Digital Twin"]]>
              </value>
            </param>
            <param index="1">
              <value>
                <![CDATA["Models Page - Digital Twin Creation and Validation"]]>
              </value>
            </param>
          </params>
          <reporter-output>
          </reporter-output>
        </test-method> <!-- runScenario -->
        <test-method signature="runScenario(io.cucumber.testng.PickleWrapper,io.cucumber.testng.FeatureWrapper)[pri:0, instance:runners.TestRunner@7dcf94f8]" started-at="2025-01-22T16:53:30 IST" name="runScenario" description="Runs Cucumber Scenarios" data-provider="scenarios" finished-at="2025-01-22T16:53:30 IST" duration-ms="395" status="PASS">
          <params>
            <param index="0">
              <value>
                <![CDATA["Navigate from the Models page to the Digital Twin landing page"]]>
              </value>
            </param>
            <param index="1">
              <value>
                <![CDATA["Models Page - Digital Twin Creation and Validation"]]>
              </value>
            </param>
          </params>
          <reporter-output>
          </reporter-output>
        </test-method> <!-- runScenario -->
        <test-method signature="runScenario(io.cucumber.testng.PickleWrapper,io.cucumber.testng.FeatureWrapper)[pri:0, instance:runners.TestRunner@7dcf94f8]" started-at="2025-01-22T16:53:30 IST" name="runScenario" description="Runs Cucumber Scenarios" data-provider="scenarios" finished-at="2025-01-22T16:53:30 IST" duration-ms="148" status="FAIL">
          <params>
            <param index="0">
              <value>
                <![CDATA["Navigate from the Models page to the MNM page"]]>
              </value>
            </param>
            <param index="1">
              <value>
                <![CDATA["Models Page - Digital Twin Creation and Validation"]]>
              </value>
            </param>
          </params>
          <exception class="io.cucumber.testng.UndefinedStepException">
            <message>
              <![CDATA[The step 'I should be on the MNM page' is undefined.
You can implement this step using the snippet(s) below:

@Then("I should be on the MNM page")
public void i_should_be_on_the_mnm_page() {
    // Write code here that turns the phrase above into concrete actions
    throw new io.cucumber.java.PendingException();
}
]]>
            </message>
            <full-stacktrace>
              <![CDATA[io.cucumber.testng.UndefinedStepException: The step 'I should be on the MNM page' is undefined.
You can implement this step using the snippet(s) below:

@Then("I should be on the MNM page")
public void i_should_be_on_the_mnm_page() {
    // Write code here that turns the phrase above into concrete actions
    throw new io.cucumber.java.PendingException();
}

at io.cucumber.core.runtime.TestCaseResultObserver.assertTestCasePassed(TestCaseResultObserver.java:69)
at io.cucumber.testng.TestCaseResultObserver.assertTestCasePassed(TestCaseResultObserver.java:23)
at io.cucumber.testng.TestNGCucumberRunner.lambda$runScenario$1(TestNGCucumberRunner.java:133)
at io.cucumber.core.runtime.CucumberExecutionContext.lambda$runTestCase$5(CucumberExecutionContext.java:137)
at io.cucumber.core.runtime.RethrowingThrowableCollector.executeAndThrow(RethrowingThrowableCollector.java:23)
at io.cucumber.core.runtime.CucumberExecutionContext.runTestCase(CucumberExecutionContext.java:137)
at io.cucumber.testng.TestNGCucumberRunner.runScenario(TestNGCucumberRunner.java:129)
at io.cucumber.testng.AbstractTestNGCucumberTests.runScenario(AbstractTestNGCucumberTests.java:35)
at java.base/jdk.internal.reflect.DirectMethodHandleAccessor.invoke(DirectMethodHandleAccessor.java:103)
at java.base/java.lang.reflect.Method.invoke(Method.java:580)
at org.testng.internal.MethodInvocationHelper.invokeMethod(MethodInvocationHelper.java:133)
at org.testng.internal.TestInvoker.invokeMethod(TestInvoker.java:598)
at org.testng.internal.TestInvoker.invokeTestMethod(TestInvoker.java:173)
at org.testng.internal.MethodRunner.runInSequence(MethodRunner.java:46)
at org.testng.internal.TestInvoker$MethodInvocationAgent.invoke(TestInvoker.java:824)
at org.testng.internal.TestInvoker.invokeTestMethods(TestInvoker.java:146)
at org.testng.internal.TestMethodWorker.invokeTestMethods(TestMethodWorker.java:146)
at org.testng.internal.TestMethodWorker.run(TestMethodWorker.java:128)
at java.base/java.util.ArrayList.forEach(ArrayList.java:1596)
at org.testng.TestRunner.privateRun(TestRunner.java:794)
at org.testng.TestRunner.run(TestRunner.java:596)
at org.testng.SuiteRunner.runTest(SuiteRunner.java:377)
at org.testng.SuiteRunner.runSequentially(SuiteRunner.java:371)
at org.testng.SuiteRunner.privateRun(SuiteRunner.java:332)
at org.testng.SuiteRunner.run(SuiteRunner.java:276)
at org.testng.SuiteRunnerWorker.runSuite(SuiteRunnerWorker.java:53)
at org.testng.SuiteRunnerWorker.run(SuiteRunnerWorker.java:96)
at org.testng.TestNG.runSuitesSequentially(TestNG.java:1212)
at org.testng.TestNG.runSuitesLocally(TestNG.java:1134)
at org.testng.TestNG.runSuites(TestNG.java:1063)
at org.testng.TestNG.run(TestNG.java:1031)
at org.testng.remote.AbstractRemoteTestNG.run(AbstractRemoteTestNG.java:115)
at org.testng.remote.RemoteTestNG.initAndRun(RemoteTestNG.java:293)
at org.testng.remote.RemoteTestNG.main(RemoteTestNG.java:91)
]]>
            </full-stacktrace>
          </exception> <!-- io.cucumber.testng.UndefinedStepException -->
          <reporter-output>
          </reporter-output>
        </test-method> <!-- runScenario -->
        <test-method signature="runScenario(io.cucumber.testng.PickleWrapper,io.cucumber.testng.FeatureWrapper)[pri:0, instance:runners.TestRunner@7dcf94f8]" started-at="2025-01-22T16:53:30 IST" name="runScenario" description="Runs Cucumber Scenarios" data-provider="scenarios" finished-at="2025-01-22T16:53:34 IST" duration-ms="3829" status="PASS">
          <params>
            <param index="0">
              <value>
                <![CDATA["Verify the page title"]]>
              </value>
            </param>
            <param index="1">
              <value>
                <![CDATA["Decision Support Page"]]>
              </value>
            </param>
          </params>
          <reporter-output>
          </reporter-output>
        </test-method> <!-- runScenario -->
        <test-method signature="runScenario(io.cucumber.testng.PickleWrapper,io.cucumber.testng.FeatureWrapper)[pri:0, instance:runners.TestRunner@7dcf94f8]" started-at="2025-01-22T16:53:34 IST" name="runScenario" description="Runs Cucumber Scenarios" data-provider="scenarios" finished-at="2025-01-22T16:53:34 IST" duration-ms="80" status="PASS">
          <params>
            <param index="0">
              <value>
                <![CDATA["Verify the grid is displayed"]]>
              </value>
            </param>
            <param index="1">
              <value>
                <![CDATA["Decision Support Page"]]>
              </value>
            </param>
          </params>
          <reporter-output>
          </reporter-output>
        </test-method> <!-- runScenario -->
        <test-method signature="runScenario(io.cucumber.testng.PickleWrapper,io.cucumber.testng.FeatureWrapper)[pri:0, instance:runners.TestRunner@7dcf94f8]" started-at="2025-01-22T16:53:34 IST" name="runScenario" description="Runs Cucumber Scenarios" data-provider="scenarios" finished-at="2025-01-22T16:53:35 IST" duration-ms="266" status="PASS">
          <params>
            <param index="0">
              <value>
                <![CDATA["Verify grid size is greater than zero"]]>
              </value>
            </param>
            <param index="1">
              <value>
                <![CDATA["Decision Support Page"]]>
              </value>
            </param>
          </params>
          <reporter-output>
          </reporter-output>
        </test-method> <!-- runScenario -->
        <test-method signature="runScenario(io.cucumber.testng.PickleWrapper,io.cucumber.testng.FeatureWrapper)[pri:0, instance:runners.TestRunner@7dcf94f8]" started-at="2025-01-22T16:53:35 IST" name="runScenario" description="Runs Cucumber Scenarios" data-provider="scenarios" finished-at="2025-01-22T16:53:35 IST" duration-ms="185" status="PASS">
          <params>
            <param index="0">
              <value>
                <![CDATA["Add a new design run"]]>
              </value>
            </param>
            <param index="1">
              <value>
                <![CDATA["Decision Support Page"]]>
              </value>
            </param>
          </params>
          <reporter-output>
          </reporter-output>
        </test-method> <!-- runScenario -->
        <test-method signature="runScenario(io.cucumber.testng.PickleWrapper,io.cucumber.testng.FeatureWrapper)[pri:0, instance:runners.TestRunner@7dcf94f8]" started-at="2025-01-22T16:53:35 IST" name="runScenario" description="Runs Cucumber Scenarios" data-provider="scenarios" finished-at="2025-01-22T16:53:35 IST" duration-ms="294" status="PASS">
          <params>
            <param index="0">
              <value>
                <![CDATA["Validate error message for blank name field"]]>
              </value>
            </param>
            <param index="1">
              <value>
                <![CDATA["Decision Support Page"]]>
              </value>
            </param>
          </params>
          <reporter-output>
          </reporter-output>
        </test-method> <!-- runScenario -->
        <test-method signature="runScenario(io.cucumber.testng.PickleWrapper,io.cucumber.testng.FeatureWrapper)[pri:0, instance:runners.TestRunner@7dcf94f8]" started-at="2025-01-22T16:53:35 IST" name="runScenario" description="Runs Cucumber Scenarios" data-provider="scenarios" finished-at="2025-01-22T16:53:36 IST" duration-ms="744" status="PASS">
          <params>
            <param index="0">
              <value>
                <![CDATA["Validate error message for exceeding max name length"]]>
              </value>
            </param>
            <param index="1">
              <value>
                <![CDATA["Decision Support Page"]]>
              </value>
            </param>
          </params>
          <reporter-output>
          </reporter-output>
        </test-method> <!-- runScenario -->
        <test-method signature="runScenario(io.cucumber.testng.PickleWrapper,io.cucumber.testng.FeatureWrapper)[pri:0, instance:runners.TestRunner@7dcf94f8]" started-at="2025-01-22T16:53:36 IST" name="runScenario" description="Runs Cucumber Scenarios" data-provider="scenarios" finished-at="2025-01-22T16:54:37 IST" duration-ms="60820" status="FAIL">
          <params>
            <param index="0">
              <value>
                <![CDATA["Add a valid decision support entry"]]>
              </value>
            </param>
            <param index="1">
              <value>
                <![CDATA["Decision Support Page"]]>
              </value>
            </param>
          </params>
          <exception class="java.lang.AssertionError">
            <message>
              <![CDATA[Failed to create the Design Specification. expected [true] but found [false]]]>
            </message>
            <full-stacktrace>
              <![CDATA[java.lang.AssertionError: Failed to create the Design Specification. expected [true] but found [false]
at org.testng.Assert.fail(Assert.java:99)
at org.testng.Assert.failNotEquals(Assert.java:1037)
at org.testng.Assert.assertTrue(Assert.java:45)
at stepdefinitions.DecisionSupportSteps.createDesignSpecification(DecisionSupportSteps.java:122)
at ✽.I create a Design Specification with Name "Automation_DS_5" and Description "Automation Creation"(file:///C:/Users/47700243/eclipse-workspace/alpha3/src/test/resources/features/Suite4-Decisionsupport.feature:56)
]]>
            </full-stacktrace>
          </exception> <!-- java.lang.AssertionError -->
          <reporter-output>
          </reporter-output>
        </test-method> <!-- runScenario -->
        <test-method signature="runScenario(io.cucumber.testng.PickleWrapper,io.cucumber.testng.FeatureWrapper)[pri:0, instance:runners.TestRunner@7dcf94f8]" started-at="2025-01-22T16:54:37 IST" name="runScenario" description="Runs Cucumber Scenarios" data-provider="scenarios" finished-at="2025-01-22T16:54:37 IST" duration-ms="652" status="PASS">
          <params>
            <param index="0">
              <value>
                <![CDATA["Cancel adding a new decision support entry"]]>
              </value>
            </param>
            <param index="1">
              <value>
                <![CDATA["Decision Support Page"]]>
              </value>
            </param>
          </params>
          <reporter-output>
          </reporter-output>
        </test-method> <!-- runScenario -->
        <test-method signature="runScenario(io.cucumber.testng.PickleWrapper,io.cucumber.testng.FeatureWrapper)[pri:0, instance:runners.TestRunner@7dcf94f8]" started-at="2025-01-22T16:54:37 IST" name="runScenario" description="Runs Cucumber Scenarios" data-provider="scenarios" finished-at="2025-01-22T16:54:42 IST" duration-ms="4628" status="PASS">
          <params>
            <param index="0">
              <value>
                <![CDATA["Verify the page title"]]>
              </value>
            </param>
            <param index="1">
              <value>
                <![CDATA["Design Specification Page"]]>
              </value>
            </param>
          </params>
          <reporter-output>
          </reporter-output>
        </test-method> <!-- runScenario -->
        <test-method signature="runScenario(io.cucumber.testng.PickleWrapper,io.cucumber.testng.FeatureWrapper)[pri:0, instance:runners.TestRunner@7dcf94f8]" started-at="2025-01-22T16:54:42 IST" name="runScenario" description="Runs Cucumber Scenarios" data-provider="scenarios" finished-at="2025-01-22T16:54:42 IST" duration-ms="67" status="PASS">
          <params>
            <param index="0">
              <value>
                <![CDATA["Verify the grid is displayed"]]>
              </value>
            </param>
            <param index="1">
              <value>
                <![CDATA["Design Specification Page"]]>
              </value>
            </param>
          </params>
          <reporter-output>
          </reporter-output>
        </test-method> <!-- runScenario -->
        <test-method signature="runScenario(io.cucumber.testng.PickleWrapper,io.cucumber.testng.FeatureWrapper)[pri:0, instance:runners.TestRunner@7dcf94f8]" started-at="2025-01-22T16:54:42 IST" name="runScenario" description="Runs Cucumber Scenarios" data-provider="scenarios" finished-at="2025-01-22T16:54:42 IST" duration-ms="365" status="PASS">
          <params>
            <param index="0">
              <value>
                <![CDATA["Verify grid size is greater than zero"]]>
              </value>
            </param>
            <param index="1">
              <value>
                <![CDATA["Design Specification Page"]]>
              </value>
            </param>
          </params>
          <reporter-output>
          </reporter-output>
        </test-method> <!-- runScenario -->
        <test-method signature="runScenario(io.cucumber.testng.PickleWrapper,io.cucumber.testng.FeatureWrapper)[pri:0, instance:runners.TestRunner@7dcf94f8]" started-at="2025-01-22T16:54:42 IST" name="runScenario" description="Runs Cucumber Scenarios" data-provider="scenarios" finished-at="2025-01-22T16:54:43 IST" duration-ms="182" status="PASS">
          <params>
            <param index="0">
              <value>
                <![CDATA["Add a new design specification"]]>
              </value>
            </param>
            <param index="1">
              <value>
                <![CDATA["Design Specification Page"]]>
              </value>
            </param>
          </params>
          <reporter-output>
          </reporter-output>
        </test-method> <!-- runScenario -->
        <test-method signature="runScenario(io.cucumber.testng.PickleWrapper,io.cucumber.testng.FeatureWrapper)[pri:0, instance:runners.TestRunner@7dcf94f8]" started-at="2025-01-22T16:54:43 IST" name="runScenario" description="Runs Cucumber Scenarios" data-provider="scenarios" finished-at="2025-01-22T16:54:43 IST" duration-ms="605" status="PASS">
          <params>
            <param index="0">
              <value>
                <![CDATA["Validate error message for blank name field"]]>
              </value>
            </param>
            <param index="1">
              <value>
                <![CDATA["Design Specification Page"]]>
              </value>
            </param>
          </params>
          <reporter-output>
          </reporter-output>
        </test-method> <!-- runScenario -->
        <test-method signature="runScenario(io.cucumber.testng.PickleWrapper,io.cucumber.testng.FeatureWrapper)[pri:0, instance:runners.TestRunner@7dcf94f8]" started-at="2025-01-22T16:54:43 IST" name="runScenario" description="Runs Cucumber Scenarios" data-provider="scenarios" finished-at="2025-01-22T16:54:44 IST" duration-ms="777" status="PASS">
          <params>
            <param index="0">
              <value>
                <![CDATA["Validate error message for exceeding max name length"]]>
              </value>
            </param>
            <param index="1">
              <value>
                <![CDATA["Design Specification Page"]]>
              </value>
            </param>
          </params>
          <reporter-output>
          </reporter-output>
        </test-method> <!-- runScenario -->
        <test-method signature="runScenario(io.cucumber.testng.PickleWrapper,io.cucumber.testng.FeatureWrapper)[pri:0, instance:runners.TestRunner@7dcf94f8]" started-at="2025-01-22T16:54:44 IST" name="runScenario" description="Runs Cucumber Scenarios" data-provider="scenarios" finished-at="2025-01-22T16:54:45 IST" duration-ms="1537" status="PASS">
          <params>
            <param index="0">
              <value>
                <![CDATA["Add a valid design specification entry"]]>
              </value>
            </param>
            <param index="1">
              <value>
                <![CDATA["Design Specification Page"]]>
              </value>
            </param>
          </params>
          <reporter-output>
          </reporter-output>
        </test-method> <!-- runScenario -->
        <test-method signature="runScenario(io.cucumber.testng.PickleWrapper,io.cucumber.testng.FeatureWrapper)[pri:0, instance:runners.TestRunner@7dcf94f8]" started-at="2025-01-22T16:54:45 IST" name="runScenario" description="Runs Cucumber Scenarios" data-provider="scenarios" finished-at="2025-01-22T16:54:46 IST" duration-ms="517" status="PASS">
          <params>
            <param index="0">
              <value>
                <![CDATA["Cancel adding a new design specification entry"]]>
              </value>
            </param>
            <param index="1">
              <value>
                <![CDATA["Design Specification Page"]]>
              </value>
            </param>
          </params>
          <reporter-output>
          </reporter-output>
        </test-method> <!-- runScenario -->
        <test-method signature="runScenario(io.cucumber.testng.PickleWrapper,io.cucumber.testng.FeatureWrapper)[pri:0, instance:runners.TestRunner@7dcf94f8]" started-at="2025-01-22T16:54:46 IST" name="runScenario" description="Runs Cucumber Scenarios" data-provider="scenarios" finished-at="2025-01-22T16:54:52 IST" duration-ms="5547" status="PASS">
          <params>
            <param index="0">
              <value>
                <![CDATA["Verify Data Integration page title"]]>
              </value>
            </param>
            <param index="1">
              <value>
                <![CDATA["Data Integration Management"]]>
              </value>
            </param>
          </params>
          <reporter-output>
          </reporter-output>
        </test-method> <!-- runScenario -->
        <test-method signature="runScenario(io.cucumber.testng.PickleWrapper,io.cucumber.testng.FeatureWrapper)[pri:0, instance:runners.TestRunner@7dcf94f8]" started-at="2025-01-22T16:54:52 IST" name="runScenario" description="Runs Cucumber Scenarios" data-provider="scenarios" finished-at="2025-01-22T16:54:52 IST" duration-ms="273" status="PASS">
          <params>
            <param index="0">
              <value>
                <![CDATA["Verify the Data Integration grid is displayed"]]>
              </value>
            </param>
            <param index="1">
              <value>
                <![CDATA["Data Integration Management"]]>
              </value>
            </param>
          </params>
          <reporter-output>
          </reporter-output>
        </test-method> <!-- runScenario -->
        <test-method signature="runScenario(io.cucumber.testng.PickleWrapper,io.cucumber.testng.FeatureWrapper)[pri:0, instance:runners.TestRunner@7dcf94f8]" started-at="2025-01-22T16:54:52 IST" name="runScenario" description="Runs Cucumber Scenarios" data-provider="scenarios" finished-at="2025-01-22T16:54:52 IST" duration-ms="116" status="PASS">
          <params>
            <param index="0">
              <value>
                <![CDATA["Verify the grid contains entries"]]>
              </value>
            </param>
            <param index="1">
              <value>
                <![CDATA["Data Integration Management"]]>
              </value>
            </param>
          </params>
          <reporter-output>
          </reporter-output>
        </test-method> <!-- runScenario -->
        <test-method signature="runScenario(io.cucumber.testng.PickleWrapper,io.cucumber.testng.FeatureWrapper)[pri:0, instance:runners.TestRunner@7dcf94f8]" started-at="2025-01-22T16:54:52 IST" name="runScenario" description="Runs Cucumber Scenarios" data-provider="scenarios" finished-at="2025-01-22T16:54:53 IST" duration-ms="1048" status="PASS">
          <params>
            <param index="0">
              <value>
                <![CDATA["Create a new Data Integration entry"]]>
              </value>
            </param>
            <param index="1">
              <value>
                <![CDATA["Data Integration Management"]]>
              </value>
            </param>
          </params>
          <reporter-output>
          </reporter-output>
        </test-method> <!-- runScenario -->
        <test-method signature="runScenario(io.cucumber.testng.PickleWrapper,io.cucumber.testng.FeatureWrapper)[pri:0, instance:runners.TestRunner@7dcf94f8]" started-at="2025-01-22T16:54:53 IST" name="runScenario" description="Runs Cucumber Scenarios" data-provider="scenarios" finished-at="2025-01-22T16:54:53 IST" duration-ms="425" status="PASS">
          <params>
            <param index="0">
              <value>
                <![CDATA["Error when creating a Data Integration without a name"]]>
              </value>
            </param>
            <param index="1">
              <value>
                <![CDATA["Data Integration Management"]]>
              </value>
            </param>
          </params>
          <reporter-output>
          </reporter-output>
        </test-method> <!-- runScenario -->
        <test-method signature="runScenario(io.cucumber.testng.PickleWrapper,io.cucumber.testng.FeatureWrapper)[pri:0, instance:runners.TestRunner@7dcf94f8]" started-at="2025-01-22T16:54:53 IST" name="runScenario" description="Runs Cucumber Scenarios" data-provider="scenarios" finished-at="2025-01-22T16:54:54 IST" duration-ms="423" status="PASS">
          <params>
            <param index="0">
              <value>
                <![CDATA["Cancel Data Integration creation"]]>
              </value>
            </param>
            <param index="1">
              <value>
                <![CDATA["Data Integration Management"]]>
              </value>
            </param>
          </params>
          <reporter-output>
          </reporter-output>
        </test-method> <!-- runScenario -->
        <test-method is-config="true" signature="tearDownClass()[pri:0, instance:runners.TestRunner@7dcf94f8]" started-at="2025-01-22T16:54:54 IST" name="tearDownClass" finished-at="2025-01-22T16:54:54 IST" duration-ms="431" status="PASS">
          <reporter-output>
          </reporter-output>
        </test-method> <!-- tearDownClass -->
        <test-method is-config="true" signature="flushExtentReport()[pri:0, instance:runners.TestRunner@7dcf94f8]" started-at="2025-01-22T16:54:54 IST" name="flushExtentReport" finished-at="2025-01-22T16:54:55 IST" duration-ms="401" status="PASS">
          <reporter-output>
          </reporter-output>
        </test-method> <!-- flushExtentReport -->
      </class> <!-- runners.TestRunner -->
    </test> <!-- Login Tests -->
  </suite> <!-- Cucumber Test Suite -->
</testng-results>
